SF:lib\data\repositories\auth_facebook_repository.dart
DA:8,0
DA:9,0
DA:13,0
DA:14,0
DA:18,0
DA:19,0
LF:6
LH:0
end_of_record
SF:lib\data\repositories\auth_google_repository.dart
DA:8,0
DA:9,0
DA:13,0
DA:14,0
DA:18,0
DA:19,0
LF:6
LH:0
end_of_record
SF:lib\data\repositories\UtenteRepository.dart
DA:7,0
DA:10,0
DA:11,0
DA:12,0
DA:13,0
DA:14,0
DA:15,0
DA:18,0
DA:21,0
DA:24,0
LF:10
LH:0
end_of_record
SF:lib\data\services\utente_service.dart
DA:6,0
DA:7,0
DA:9,0
DA:10,0
DA:11,0
DA:12,0
DA:13,0
DA:14,0
DA:17,0
DA:18,0
DA:23,0
DA:24,0
DA:25,0
DA:26,0
DA:27,0
DA:28,0
DA:29,0
DA:30,0
DA:31,0
DA:35,0
DA:36,0
DA:37,0
DA:38,0
DA:39,0
DA:43,0
DA:45,0
DA:46,0
DA:48,0
DA:52,0
DA:54,0
DA:55,0
DA:56,0
DA:59,0
DA:60,0
DA:63,0
DA:65,0
DA:70,0
DA:72,0
DA:73,0
DA:78,0
DA:79,0
LF:41
LH:0
end_of_record
SF:lib\domain\models\user.dart
DA:12,1
DA:22,0
DA:23,0
DA:24,0
DA:25,0
DA:26,0
DA:27,0
DA:28,0
DA:29,0
DA:30,0
DA:31,0
LF:11
LH:1
end_of_record
SF:lib\ui\viewModel\loginViewModel\loginViewModel.dart
DA:25,0
DA:26,0
DA:27,0
DA:30,0
DA:31,0
DA:34,0
DA:38,0
DA:39,0
DA:40,0
DA:42,0
DA:43,0
DA:44,0
DA:46,0
DA:48,0
DA:50,0
DA:52,0
DA:53,0
DA:58,0
DA:60,0
DA:62,0
DA:64,0
DA:72,0
DA:73,0
DA:74,0
DA:77,0
DA:81,0
DA:86,0
DA:87,0
DA:91,0
DA:92,0
DA:95,0
DA:96,0
DA:99,0
DA:100,0
DA:104,0
DA:105,0
DA:106,0
DA:109,0
DA:112,0
DA:113,0
DA:114,0
DA:118,0
DA:119,0
DA:122,0
DA:123,0
DA:128,0
DA:129,0
DA:132,0
DA:135,0
DA:136,0
DA:138,0
DA:143,0
DA:149,0
DA:150,0
DA:155,0
DA:156,0
LF:56
LH:0
end_of_record
SF:lib\ui\view\home\homeview.dart
DA:15,1
DA:16,1
DA:20,1
DA:23,1
DA:24,0
DA:25,0
DA:26,0
DA:27,0
DA:34,0
DA:35,0
DA:36,0
DA:37,0
DA:38,0
DA:46,1
DA:47,1
DA:48,1
DA:49,1
DA:50,1
DA:53,1
DA:54,1
DA:55,1
DA:56,1
DA:57,1
DA:58,1
DA:60,1
DA:63,1
DA:66,1
DA:75,1
LF:28
LH:19
end_of_record
SF:lib\ui\view\statistiche\statistiche_view.dart
DA:12,1
DA:15,1
DA:18,1
DA:19,1
DA:23,0
DA:25,0
DA:28,1
DA:31,1
DA:32,1
DA:33,1
DA:34,1
DA:35,1
DA:38,1
DA:39,1
DA:40,1
DA:41,1
DA:42,2
DA:44,3
DA:45,1
DA:49,2
DA:57,1
DA:60,1
DA:64,1
LF:23
LH:21
end_of_record
SF:lib\ui\viewModel\homeViewModel\homeviewmodel.dart
DA:11,1
DA:18,2
DA:19,3
DA:22,1
DA:23,2
DA:25,3
DA:27,1
DA:29,1
DA:33,0
DA:34,0
DA:35,0
DA:36,0
DA:37,0
DA:38,0
DA:39,0
DA:47,2
DA:49,0
DA:52,1
DA:53,2
DA:55,4
DA:56,4
DA:57,1
DA:58,1
DA:59,1
LF:24
LH:16
end_of_record
SF:lib\ui\viewModel\statisticheViewModel\statistiche_viewmodel.dart
DA:7,1
DA:16,1
DA:17,2
DA:22,1
DA:25,4
DA:27,1
DA:29,2
DA:31,2
DA:32,1
DA:34,0
DA:37,1
DA:46,0
DA:47,0
DA:53,1
DA:54,4
DA:55,1
DA:57,2
DA:58,2
DA:59,2
DA:61,3
DA:63,1
DA:64,0
DA:65,1
DA:66,0
DA:70,1
DA:71,1
LF:26
LH:21
end_of_record
SF:lib\data\services\auth_service_facebook.dart
DA:8,0
DA:11,0
DA:12,0
DA:17,0
DA:18,0
DA:20,0
DA:23,0
DA:26,0
DA:29,0
DA:37,0
DA:41,0
DA:45,0
DA:51,0
DA:52,0
DA:53,0
DA:56,0
LF:16
LH:0
end_of_record
SF:lib\data\services\auth-service_google.dart
DA:9,0
DA:12,0
DA:18,0
DA:20,0
DA:22,0
DA:23,0
DA:26,0
DA:28,0
DA:34,0
DA:35,0
DA:36,0
DA:39,0
LF:12
LH:0
end_of_record
SF:lib\data\repositories\codicivalidirepository.dart
DA:6,0
DA:8,0
DA:11,0
DA:14,0
LF:4
LH:0
end_of_record
SF:lib\data\services\codicivalidiservice.dart
DA:6,0
DA:7,0
DA:8,0
DA:9,0
DA:10,0
DA:11,0
DA:12,0
DA:13,0
DA:14,0
DA:19,0
DA:21,0
DA:22,0
DA:23,0
DA:24,0
DA:28,0
DA:30,0
DA:31,0
DA:32,0
DA:33,0
DA:34,0
DA:37,0
DA:38,0
DA:39,0
DA:42,0
LF:24
LH:0
end_of_record
SF:lib\domain\models\codicivalidi.dart
DA:9,0
DA:16,0
DA:17,0
DA:18,0
DA:19,0
DA:20,0
DA:21,0
LF:7
LH:0
end_of_record
SF:lib\data\repositories\farmacia_repository.dart
DA:8,0
DA:11,0
DA:12,0
LF:3
LH:0
end_of_record
SF:lib\data\services\farmacia_service.dart
DA:6,0
DA:10,0
DA:14,0
DA:17,0
DA:20,0
LF:5
LH:0
end_of_record
SF:lib\domain\models\farmacia.dart
DA:11,0
DA:14,0
DA:15,0
DA:17,0
DA:22,0
DA:23,0
DA:24,0
DA:25,0
DA:26,0
DA:27,0
DA:28,0
DA:29,0
DA:30,0
LF:13
LH:0
end_of_record
SF:lib\data\repositories\mappa_repository.dart
DA:7,0
DA:10,0
DA:11,0
LF:3
LH:0
end_of_record
SF:lib\data\services\mappa_service.dart
DA:10,0
DA:11,0
LF:2
LH:0
end_of_record
SF:lib\data\repositories\premi_repository.dart
DA:7,0
DA:10,0
DA:15,0
LF:3
LH:0
end_of_record
SF:lib\data\services\premi_service.dart
DA:7,0
DA:8,0
DA:9,0
DA:10,0
DA:11,0
DA:17,0
DA:19,0
DA:20,0
DA:21,0
DA:22,0
DA:23,0
DA:24,0
DA:25,0
LF:13
LH:0
end_of_record
SF:lib\domain\models\premi.dart
DA:15,0
DA:33,0
DA:34,0
DA:35,0
DA:36,0
DA:37,0
DA:38,0
DA:39,0
DA:40,0
DA:41,0
DA:42,0
DA:43,0
LF:12
LH:0
end_of_record
SF:lib\ui\view\Scan\manuallyscan.dart
DA:14,0
DA:16,0
DA:18,0
DA:19,0
DA:21,0
DA:22,0
DA:23,0
DA:24,0
DA:25,0
DA:34,1
DA:35,0
DA:38,0
DA:39,0
DA:42,0
DA:45,0
DA:47,0
DA:48,0
DA:49,0
DA:50,0
DA:54,0
DA:56,0
DA:57,0
DA:58,0
DA:60,0
DA:61,0
DA:65,0
DA:67,0
DA:70,0
DA:71,0
DA:75,0
DA:76,0
DA:77,0
DA:79,0
DA:80,0
DA:82,0
DA:85,0
DA:86,0
DA:89,0
DA:94,0
DA:97,0
DA:98,0
DA:99,0
DA:100,0
DA:101,0
DA:103,0
DA:104,0
DA:106,0
DA:108,0
DA:109,0
DA:113,0
DA:115,0
DA:117,0
DA:122,0
LF:53
LH:1
end_of_record
SF:lib\ui\viewModel\ScannerViewModel.dart
DA:14,0
DA:25,0
DA:26,0
DA:28,0
DA:29,0
DA:30,0
DA:34,0
DA:35,0
DA:36,0
DA:37,0
DA:38,0
DA:40,0
DA:41,0
DA:42,0
DA:43,0
DA:44,0
DA:45,0
DA:46,0
DA:47,0
DA:48,0
DA:50,0
DA:51,0
DA:54,0
LF:23
LH:0
end_of_record
SF:lib\ui\view\Scan\scanview.dart
DA:18,0
DA:20,0
DA:22,0
DA:23,0
DA:25,0
DA:26,0
DA:27,0
DA:28,0
DA:29,0
DA:38,1
DA:39,0
DA:42,0
DA:45,0
DA:49,0
DA:51,0
DA:53,0
DA:57,0
DA:61,0
DA:62,0
DA:63,0
DA:64,0
DA:65,0
DA:68,0
DA:69,0
DA:88,0
DA:89,0
DA:91,0
DA:92,0
DA:93,0
DA:95,0
DA:97,0
DA:98,0
DA:99,0
DA:100,0
DA:101,0
DA:103,0
DA:105,0
DA:109,0
DA:111,0
DA:113,0
DA:122,0
DA:124,0
DA:125,0
DA:126,0
DA:128,0
DA:130,0
DA:131,0
DA:132,0
DA:133,0
DA:135,0
DA:137,0
DA:144,0
DA:145,0
DA:146,0
DA:147,0
DA:149,0
DA:151,0
DA:152,0
DA:156,0
DA:157,0
DA:158,0
DA:162,0
DA:165,0
DA:167,0
DA:169,0
DA:178,0
LF:66
LH:1
end_of_record
SF:lib\ui\view\widgets\customBottomNavigationBar.dart
DA:11,1
DA:13,1
DA:16,1
DA:17,1
DA:19,1
DA:20,1
DA:21,1
DA:23,1
DA:24,1
DA:25,1
DA:27,1
DA:33,1
DA:34,1
DA:35,1
DA:36,1
DA:38,1
DA:40,1
DA:41,1
DA:42,2
DA:47,1
DA:48,0
DA:50,0
DA:55,1
DA:56,1
DA:58,3
DA:63,0
DA:64,0
DA:66,0
DA:71,0
DA:72,0
DA:74,0
DA:79,0
DA:80,0
DA:82,0
DA:95,1
DA:98,1
DA:102,1
DA:103,1
DA:104,2
DA:107,1
DA:108,2
DA:111,1
DA:112,2
DA:115,3
DA:116,1
DA:117,2
LF:46
LH:35
end_of_record
SF:lib\ui\view\home\homeWidgets\backLogout.dart
DA:7,1
DA:13,1
DA:15,1
DA:17,1
DA:19,0
DA:22,0
DA:24,0
DA:25,0
DA:28,0
DA:29,0
DA:32,0
DA:33,0
DA:34,0
DA:35,0
DA:36,0
DA:37,0
DA:38,0
DA:44,0
DA:45,0
DA:46,0
DA:49,1
LF:21
LH:5
end_of_record
SF:lib\ui\view\home\homeWidgets\drawer.dart
DA:7,1
DA:10,0
DA:14,0
DA:15,0
DA:16,0
DA:19,0
DA:20,0
DA:22,0
DA:23,0
DA:24,0
DA:25,0
DA:27,0
DA:29,0
DA:30,0
DA:31,0
DA:32,0
DA:36,0
DA:37,0
DA:38,0
DA:42,0
DA:43,0
DA:46,0
DA:49,0
DA:50,0
DA:52,0
DA:56,0
DA:57,0
DA:61,0
DA:65,0
DA:66,0
DA:67,0
DA:71,0
DA:72,0
DA:76,0
DA:79,0
DA:80,0
DA:81,0
DA:85,0
DA:86,0
DA:90,0
DA:94,0
DA:95,0
DA:96,0
DA:100,0
DA:101,0
DA:105,0
DA:107,0
DA:109,0
DA:111,0
DA:113,0
DA:115,0
DA:116,0
DA:117,0
DA:121,0
DA:123,0
LF:55
LH:1
end_of_record
SF:lib\ui\view\home\homeWidgets\homeAppBar.dart
DA:6,1
DA:8,1
DA:10,1
DA:11,1
DA:13,1
DA:16,1
DA:17,1
DA:18,1
DA:19,2
DA:21,1
DA:28,1
DA:29,1
DA:30,0
DA:32,1
DA:36,1
DA:40,1
DA:41,1
DA:42,1
DA:43,1
DA:45,0
DA:47,0
DA:54,1
LF:22
LH:19
end_of_record
SF:lib\ui\view\home\homeWidgets\homeBoxDonazione.dart
DA:5,1
DA:7,1
DA:9,1
DA:10,1
DA:11,4
DA:12,4
DA:14,1
DA:17,1
DA:18,1
DA:19,1
DA:20,0
DA:21,0
DA:23,0
DA:26,1
DA:27,1
DA:28,1
DA:33,1
DA:36,4
DA:37,4
DA:38,1
DA:39,1
DA:40,1
DA:42,1
DA:43,1
DA:45,4
DA:47,4
DA:49,1
DA:52,1
DA:55,4
DA:61,1
DA:62,1
DA:63,1
DA:64,1
DA:65,1
LF:34
LH:31
end_of_record
SF:lib\ui\view\premi\premi_screen.dart
DA:13,0
DA:15,0
DA:21,0
DA:23,0
DA:27,0
DA:29,0
DA:32,0
DA:35,0
DA:39,0
DA:40,0
DA:45,0
DA:50,0
DA:52,0
DA:53,0
DA:54,0
DA:55,0
DA:56,0
DA:58,0
DA:59,0
DA:60,0
DA:63,0
DA:64,0
DA:65,0
DA:72,0
DA:73,0
DA:82,0
LF:26
LH:0
end_of_record
SF:lib\ui\view\home\homeWidgets\homeBoxPunti.dart
DA:7,1
DA:9,1
DA:11,1
DA:12,1
DA:13,1
DA:14,1
DA:15,4
DA:16,4
DA:18,1
DA:22,1
DA:24,0
DA:25,0
DA:27,0
DA:30,1
DA:31,1
DA:32,1
DA:41,4
DA:42,4
DA:43,1
DA:44,1
DA:45,1
DA:47,1
DA:48,1
DA:50,4
DA:52,1
DA:53,2
DA:56,1
DA:64,1
LF:28
LH:25
end_of_record
SF:lib\ui\view\home\homeWidgets\homeBoxScan.dart
DA:5,1
DA:7,1
DA:9,1
DA:10,1
DA:11,4
DA:12,4
DA:14,1
DA:17,1
DA:18,1
DA:19,1
DA:20,0
DA:21,0
DA:23,0
DA:26,1
DA:27,1
DA:29,1
DA:30,1
DA:33,4
DA:34,4
DA:35,1
DA:36,1
DA:37,1
DA:39,1
DA:40,1
DA:41,4
DA:42,4
DA:44,1
DA:47,1
DA:49,4
DA:55,1
DA:56,1
DA:57,1
LF:32
LH:29
end_of_record
SF:lib\ui\view\mappa\barraDiRicerca.dart
DA:6,0
DA:9,0
DA:11,0
DA:12,0
DA:13,0
DA:15,0
DA:16,0
DA:18,0
DA:20,0
DA:21,0
DA:23,0
DA:24,0
DA:25,0
DA:27,0
DA:31,0
DA:32,0
LF:16
LH:0
end_of_record
SF:lib\ui\viewModel\mappaViewModel\mappa_viewmodel.dart
DA:17,0
DA:20,0
DA:23,0
DA:25,0
DA:27,0
DA:28,0
DA:30,0
DA:32,0
DA:33,0
DA:36,0
DA:41,0
DA:45,0
DA:48,0
DA:51,0
DA:52,0
DA:53,0
DA:54,0
DA:55,0
DA:56,0
DA:57,0
DA:62,0
DA:63,0
DA:67,0
DA:73,0
DA:74,0
DA:77,0
DA:82,0
DA:83,0
DA:84,0
DA:85,0
DA:90,0
DA:91,0
DA:92,0
DA:93,0
DA:94,0
DA:95,0
DA:96,0
DA:99,0
DA:101,0
LF:39
LH:0
end_of_record
SF:lib\ui\view\mappa\mappa.dart
DA:11,0
DA:13,0
DA:15,0
DA:20,0
DA:23,0
DA:25,0
DA:26,0
DA:27,0
DA:28,0
DA:32,0
DA:35,0
DA:39,0
DA:41,0
DA:44,0
DA:45,0
DA:46,0
DA:48,0
DA:49,0
DA:50,0
DA:53,0
DA:54,0
DA:56,0
DA:57,0
DA:59,0
DA:60,0
DA:64,0
DA:68,0
DA:71,0
DA:78,0
LF:29
LH:0
end_of_record
SF:lib\ui\view\premi\premiWidgets\barraPunti.dart
DA:6,1
DA:8,0
DA:10,0
DA:11,0
DA:12,0
DA:13,0
DA:14,0
DA:16,0
DA:17,0
DA:20,0
DA:21,0
DA:22,0
DA:23,0
LF:13
LH:1
end_of_record
SF:lib\ui\view\premi\premiWidgets\barraScorrimento.dart
DA:7,1
DA:10,0
DA:12,0
DA:15,0
DA:16,0
DA:17,0
DA:18,0
DA:20,0
DA:22,0
DA:26,0
DA:32,0
DA:33,0
DA:34,0
DA:35,0
DA:37,0
DA:38,0
DA:39,0
DA:40,0
DA:42,0
DA:43,0
DA:53,0
DA:54,0
DA:55,0
DA:56,0
DA:57,0
DA:59,0
DA:60,0
DA:61,0
DA:62,0
DA:63,0
DA:64,0
DA:74,0
DA:75,0
DA:76,0
DA:77,0
DA:78,0
DA:80,0
DA:81,0
DA:82,0
DA:83,0
DA:84,0
DA:85,0
LF:42
LH:1
end_of_record
SF:lib\ui\viewModel\premiViewModel\premi_viewmodel.dart
DA:16,0
DA:17,0
DA:22,0
DA:30,0
DA:31,0
DA:33,0
DA:35,0
DA:36,0
DA:38,0
DA:39,0
DA:41,0
DA:44,0
DA:52,0
DA:53,0
DA:54,0
DA:55,0
DA:56,0
DA:59,0
DA:60,0
DA:61,0
DA:62,0
DA:63,0
DA:67,0
DA:68,0
DA:69,0
DA:70,0
DA:71,0
DA:75,0
DA:77,0
DA:78,0
DA:79,0
DA:81,0
DA:82,0
DA:86,0
DA:87,0
DA:91,0
DA:92,0
DA:93,0
DA:95,0
DA:96,0
DA:101,0
DA:102,0
DA:103,0
DA:104,0
DA:105,0
LF:45
LH:0
end_of_record
SF:lib\ui\view\premi\premiWidgets\premiAppBar.dart
DA:5,0
DA:8,0
DA:11,0
DA:14,0
DA:15,0
DA:16,0
DA:18,0
DA:19,0
DA:20,0
DA:21,0
DA:27,0
DA:28,0
DA:29,0
DA:30,0
DA:32,0
DA:47,0
LF:16
LH:0
end_of_record
SF:lib\ui\view\premi\premiWidgets\premiCard.dart
DA:13,0
DA:14,0
DA:15,0
DA:20,0
DA:22,0
DA:23,0
DA:24,0
DA:26,0
DA:27,0
DA:29,0
DA:30,0
DA:32,0
DA:33,0
DA:34,0
DA:35,0
DA:36,0
DA:38,0
DA:39,0
DA:44,0
DA:45,0
DA:47,0
DA:48,0
DA:51,0
DA:53,0
DA:54,0
DA:56,0
DA:58,0
DA:63,0
DA:65,0
DA:67,0
DA:68,0
DA:69,0
DA:72,0
DA:77,0
DA:79,0
DA:80,0
DA:81,0
DA:85,0
DA:86,0
DA:87,0
DA:94,0
DA:96,0
DA:97,0
DA:99,0
DA:100,0
DA:103,0
DA:104,0
DA:106,0
DA:108,0
DA:109,0
DA:114,0
DA:118,0
DA:122,0
DA:126,0
DA:127,0
DA:131,0
DA:132,0
DA:136,0
DA:137,0
DA:138,0
DA:143,0
DA:154,0
DA:155,0
DA:156,0
DA:158,0
DA:160,0
DA:161,0
DA:162,0
DA:163,0
DA:164,0
DA:165,0
DA:166,0
DA:167,0
DA:169,0
DA:172,0
DA:175,0
DA:176,0
DA:177,0
DA:178,0
DA:180,0
DA:181,0
DA:186,0
DA:190,0
DA:192,0
DA:193,0
DA:194,0
DA:197,0
DA:199,0
DA:200,0
DA:201,0
DA:205,0
DA:214,0
DA:215,0
DA:224,0
DA:225,0
DA:227,0
DA:228,0
DA:229,0
DA:230,0
DA:237,0
DA:238,0
LF:101
LH:0
end_of_record
SF:lib\ui\view\statistiche\statistiche_widgets\statisticheAppbar.dart
DA:5,1
DA:7,1
DA:9,1
DA:12,1
DA:13,1
DA:14,1
DA:16,1
DA:17,1
DA:18,0
DA:19,0
DA:25,1
DA:26,1
DA:27,1
DA:28,1
DA:30,1
DA:45,1
LF:16
LH:14
end_of_record
SF:lib\ui\view\statistiche\statistiche_widgets\statistiche_card.dart
DA:8,1
DA:10,1
DA:11,1
DA:17,1
DA:19,1
DA:21,1
DA:22,1
DA:23,1
DA:24,1
DA:28,1
DA:30,2
DA:31,3
DA:34,1
DA:36,1
DA:37,3
DA:38,1
DA:39,2
DA:40,2
DA:41,2
DA:43,1
DA:47,1
DA:48,1
DA:49,1
DA:50,2
DA:51,1
DA:52,1
DA:53,0
DA:54,0
DA:55,0
DA:61,0
DA:63,0
DA:65,0
DA:66,0
DA:67,0
DA:68,0
DA:69,0
DA:70,0
DA:73,0
DA:74,0
DA:75,0
DA:76,0
DA:77,0
DA:86,1
LF:43
LH:27
end_of_record
SF:lib\ui\view\statistiche\statistiche_widgets\statistiche_grafico.dart
DA:9,1
DA:11,1
DA:13,1
DA:14,3
DA:15,5
DA:16,2
DA:21,3
DA:22,1
DA:23,1
DA:25,1
DA:26,1
DA:27,4
DA:30,1
DA:37,1
DA:40,1
DA:42,1
DA:43,1
DA:44,1
DA:45,1
DA:47,1
DA:51,4
DA:52,4
DA:54,1
DA:56,1
DA:58,4
DA:60,4
DA:62,1
DA:64,1
DA:68,2
DA:70,1
DA:71,1
DA:72,1
DA:76,1
DA:78,1
DA:79,1
DA:83,1
DA:84,2
DA:86,1
DA:91,1
DA:92,1
DA:96,1
DA:97,1
DA:98,3
DA:99,1
DA:100,1
DA:101,1
DA:103,1
DA:104,1
DA:105,1
DA:106,1
DA:107,1
DA:115,2
DA:116,2
DA:118,1
DA:119,1
DA:120,1
LF:56
LH:56
end_of_record
SF:lib\ui\view\statistiche\statistiche_widgets\statistiche_numeroRegistrati.dart
DA:6,1
DA:10,1
DA:12,1
DA:14,1
DA:15,1
DA:16,1
DA:17,2
DA:18,1
DA:20,1
DA:21,1
DA:22,4
DA:23,1
DA:24,1
DA:26,1
DA:28,1
DA:29,1
DA:30,1
DA:31,1
DA:32,1
DA:33,1
DA:35,1
DA:36,3
DA:37,1
LF:23
LH:23
end_of_record
